This file contains any messages produced by compilers while
running configure, to aid debugging if configure makes a mistake.

It was created by ForceDirectedLayout configure 0.1, which was
generated by GNU Autoconf 2.69.  Invocation command line was

  $ ./configure --no-create --no-recursion

## --------- ##
## Platform. ##
## --------- ##

hostname = jason-graves
uname -m = x86_64
uname -r = 13.0.0
uname -s = Darwin
uname -v = Darwin Kernel Version 13.0.0: Thu Sep 19 22:22:27 PDT 2013; root:xnu-2422.1.72~6/RELEASE_X86_64

/usr/bin/uname -p = i386
/bin/uname -X     = unknown

/bin/arch              = unknown
/usr/bin/arch -k       = unknown
/usr/convex/getsysinfo = unknown
/usr/bin/hostinfo      = Mach kernel version:
	 Darwin Kernel Version 13.0.0: Thu Sep 19 22:22:27 PDT 2013; root:xnu-2422.1.72~6/RELEASE_X86_64
Kernel configured for up to 8 processors.
4 processors are physically available.
8 processors are logically available.
Processor type: i486 (Intel 80486)
Processors active: 0 1 2 3 4 5 6 7
Primary memory available: 16.00 gigabytes
Default processor set: 195 tasks, 1137 threads, 8 processors
Load average: 2.63, Mach factor: 5.36
/bin/machine           = unknown
/usr/bin/oslevel       = unknown
/bin/universe          = unknown

PATH: /opt/local/bin
PATH: /opt/local/sbin
PATH: /opt/local/bin
PATH: /opt/local/sbin
PATH: /usr/local/bin
PATH: /usr/bin
PATH: /bin
PATH: /usr/sbin
PATH: /sbin
PATH: /usr/local/bin
PATH: /opt/X11/bin


## ----------- ##
## Core tests. ##
## ----------- ##

configure:1833: checking for a BSD-compatible install
configure:1901: result: /usr/bin/install -c
configure:1912: checking whether build environment is sane
configure:1967: result: yes
configure:2118: checking for a thread-safe mkdir -p
configure:2157: result: ./install-sh -c -d
configure:2164: checking for gawk
configure:2194: result: no
configure:2164: checking for mawk
configure:2194: result: no
configure:2164: checking for nawk
configure:2194: result: no
configure:2164: checking for awk
configure:2180: found /usr/bin/awk
configure:2191: result: awk
configure:2202: checking whether make sets $(MAKE)
configure:2224: result: yes
configure:2253: checking whether make supports nested variables
configure:2270: result: yes
configure:2446: checking for g++
configure:2462: found /usr/bin/g++
configure:2473: result: g++
configure:2500: checking for C++ compiler version
configure:2509: g++ --version >&5
Apple LLVM version 5.1 (clang-503.0.38) (based on LLVM 3.4svn)
Target: x86_64-apple-darwin13.0.0
Thread model: posix
Configured with: --prefix=/Applications/Xcode.app/Contents/Developer/usr --with-gxx-include-dir=/usr/include/c++/4.2.1
configure:2520: $? = 0
configure:2509: g++ -v >&5
Configured with: --prefix=/Applications/Xcode.app/Contents/Developer/usr --with-gxx-include-dir=/usr/include/c++/4.2.1
Apple LLVM version 5.1 (clang-503.0.38) (based on LLVM 3.4svn)
Target: x86_64-apple-darwin13.0.0
Thread model: posix
configure:2520: $? = 0
configure:2509: g++ -V >&5
clang: error: argument to '-V' is missing (expected 1 value)
clang: error: no input files
configure:2520: $? = 1
configure:2509: g++ -qversion >&5
clang: error: unknown argument: '-qversion' [-Wunused-command-line-argument-hard-error-in-future]
clang: note: this will be a hard error (cannot be downgraded to a warning) in the future
clang: error: no input files
configure:2520: $? = 1
configure:2540: checking whether the C++ compiler works
configure:2562: g++    conftest.cpp  >&5
configure:2566: $? = 0
configure:2614: result: yes
configure:2617: checking for C++ compiler default output file name
configure:2619: result: a.out
configure:2625: checking for suffix of executables
configure:2632: g++ -o conftest    conftest.cpp  >&5
configure:2636: $? = 0
configure:2658: result: 
configure:2680: checking whether we are cross compiling
configure:2688: g++ -o conftest    conftest.cpp  >&5
configure:2692: $? = 0
configure:2699: ./conftest
configure:2703: $? = 0
configure:2718: result: no
configure:2723: checking for suffix of object files
configure:2745: g++ -c   conftest.cpp >&5
configure:2749: $? = 0
configure:2770: result: o
configure:2774: checking whether we are using the GNU C++ compiler
configure:2793: g++ -c   conftest.cpp >&5
configure:2793: $? = 0
configure:2802: result: yes
configure:2811: checking whether g++ accepts -g
configure:2831: g++ -c -g  conftest.cpp >&5
configure:2831: $? = 0
configure:2872: result: yes
configure:2906: checking for style of include used by make
configure:2934: result: GNU
configure:2960: checking dependency style of g++
configure:3071: result: gcc3
configure:3197: checking that generated files are newer than configure
configure:3203: result: done
configure:3226: creating ./config.status

## ---------------- ##
## Cache variables. ##
## ---------------- ##

ac_cv_cxx_compiler_gnu=yes
ac_cv_env_CCC_set=
ac_cv_env_CCC_value=
ac_cv_env_CPPFLAGS_set=
ac_cv_env_CPPFLAGS_value=
ac_cv_env_CXXFLAGS_set=
ac_cv_env_CXXFLAGS_value=
ac_cv_env_CXX_set=
ac_cv_env_CXX_value=
ac_cv_env_LDFLAGS_set=
ac_cv_env_LDFLAGS_value=
ac_cv_env_LIBS_set=
ac_cv_env_LIBS_value=
ac_cv_env_build_alias_set=
ac_cv_env_build_alias_value=
ac_cv_env_host_alias_set=
ac_cv_env_host_alias_value=
ac_cv_env_target_alias_set=
ac_cv_env_target_alias_value=
ac_cv_objext=o
ac_cv_path_install='/usr/bin/install -c'
ac_cv_prog_AWK=awk
ac_cv_prog_ac_ct_CXX=g++
ac_cv_prog_cxx_g=yes
ac_cv_prog_make_make_set=yes
am_cv_CXX_dependencies_compiler_type=gcc3
am_cv_make_support_nested_variables=yes

## ----------------- ##
## Output variables. ##
## ----------------- ##

ACLOCAL='${SHELL} /Users/jasongraves/Documents/ForceDirectedLayout/missing aclocal-1.14'
AMDEPBACKSLASH='\'
AMDEP_FALSE='#'
AMDEP_TRUE=''
AMTAR='$${TAR-tar}'
AM_BACKSLASH='\'
AM_DEFAULT_V='$(AM_DEFAULT_VERBOSITY)'
AM_DEFAULT_VERBOSITY='1'
AM_V='$(V)'
AUTOCONF='${SHELL} /Users/jasongraves/Documents/ForceDirectedLayout/missing autoconf'
AUTOHEADER='${SHELL} /Users/jasongraves/Documents/ForceDirectedLayout/missing autoheader'
AUTOMAKE='${SHELL} /Users/jasongraves/Documents/ForceDirectedLayout/missing automake-1.14'
AWK='awk'
CPPFLAGS=''
CXX='g++'
CXXDEPMODE='depmode=gcc3'
CXXFLAGS='-g -O2'
CYGPATH_W='echo'
DEFS='-DHAVE_CONFIG_H'
DEPDIR='.deps'
ECHO_C='\c'
ECHO_N=''
ECHO_T=''
EXEEXT=''
INSTALL_DATA='${INSTALL} -m 644'
INSTALL_PROGRAM='${INSTALL}'
INSTALL_SCRIPT='${INSTALL}'
INSTALL_STRIP_PROGRAM='$(install_sh) -c -s'
LDFLAGS=''
LIBOBJS=''
LIBS=''
LTLIBOBJS=''
MAKEINFO='${SHELL} /Users/jasongraves/Documents/ForceDirectedLayout/missing makeinfo'
MKDIR_P='./install-sh -c -d'
OBJEXT='o'
PACKAGE='fdl'
PACKAGE_BUGREPORT='j.graves@collaboradev.com'
PACKAGE_NAME='ForceDirectedLayout'
PACKAGE_STRING='ForceDirectedLayout 0.1'
PACKAGE_TARNAME='fdl'
PACKAGE_URL='http://www.collaboradev.com'
PACKAGE_VERSION='0.1'
PATH_SEPARATOR=':'
SET_MAKE=''
SHELL='/bin/sh'
STRIP=''
VERSION='0.1'
ac_ct_CXX='g++'
am__EXEEXT_FALSE=''
am__EXEEXT_TRUE='#'
am__fastdepCXX_FALSE='#'
am__fastdepCXX_TRUE=''
am__include='include'
am__isrc=''
am__leading_dot='.'
am__nodep='_no'
am__quote=''
am__tar='$${TAR-tar} chof - "$$tardir"'
am__untar='$${TAR-tar} xf -'
bindir='${exec_prefix}/bin'
build_alias=''
datadir='${datarootdir}'
datarootdir='${prefix}/share'
docdir='${datarootdir}/doc/${PACKAGE_TARNAME}'
dvidir='${docdir}'
exec_prefix='${prefix}'
host_alias=''
htmldir='${docdir}'
includedir='${prefix}/include'
infodir='${datarootdir}/info'
install_sh='${SHELL} /Users/jasongraves/Documents/ForceDirectedLayout/install-sh'
libdir='${exec_prefix}/lib'
libexecdir='${exec_prefix}/libexec'
localedir='${datarootdir}/locale'
localstatedir='${prefix}/var'
mandir='${datarootdir}/man'
mkdir_p='$(MKDIR_P)'
oldincludedir='/usr/include'
pdfdir='${docdir}'
prefix='/usr/local'
program_transform_name='s,x,x,'
psdir='${docdir}'
sbindir='${exec_prefix}/sbin'
sharedstatedir='${prefix}/com'
sysconfdir='${prefix}/etc'
target_alias=''

## ----------- ##
## confdefs.h. ##
## ----------- ##

/* confdefs.h */
#define PACKAGE_NAME "ForceDirectedLayout"
#define PACKAGE_TARNAME "fdl"
#define PACKAGE_VERSION "0.1"
#define PACKAGE_STRING "ForceDirectedLayout 0.1"
#define PACKAGE_BUGREPORT "j.graves@collaboradev.com"
#define PACKAGE_URL "http://www.collaboradev.com"

configure: exit 0

## ---------------------- ##
## Running config.status. ##
## ---------------------- ##

This file was extended by ForceDirectedLayout config.status 0.1, which was
generated by GNU Autoconf 2.69.  Invocation command line was

  CONFIG_FILES    = 
  CONFIG_HEADERS  = 
  CONFIG_LINKS    = 
  CONFIG_COMMANDS = 
  $ ./config.status 

on jason-graves

config.status:838: creating Makefile
config.status:838: creating config.h
config.status:1067: executing depfiles commands

## ---------------------- ##
## Running config.status. ##
## ---------------------- ##

This file was extended by ForceDirectedLayout config.status 0.1, which was
generated by GNU Autoconf 2.69.  Invocation command line was

  CONFIG_FILES    = 
  CONFIG_HEADERS  = 
  CONFIG_LINKS    = 
  CONFIG_COMMANDS = 
  $ ./config.status config.h

on jason-graves

config.status:838: creating config.h
config.status:1019: config.h is unchanged
